Using pre-set license
Built from '2020.2/staging' branch; Version is '2020.2.6f1 (8a2143876886) revision 9052483'; Using compiler version '192528614'; Build Type 'Release'
OS: 'Windows 10 Enterprise LTSC 2019; OS build 17763.1852; Version 1809; 64bit' Language: 'ko' Physical Memory: 32687 MB
BatchMode: 1, IsHumanControllingUs: 0, StartBugReporterOnCrash: 0, Is64bit: 1, IsPro: 0

 COMMAND LINE ARGUMENTS:
D:\Program\2020.2.6f1\Editor\Unity.exe
-adb2
-batchMode
-noUpm
-name
AssetImportWorker0
-projectPath
D:/SMC/20817AfterUnity
-logFile
Logs/AssetImportWorker0.log
-srvPort
50666
Successfully changed project path to: D:/SMC/20817AfterUnity
D:/SMC/20817AfterUnity
Using Asset Import Pipeline V2.
Refreshing native plugins compatible for Editor in 40.21 ms, found 0 plugins.
Preloading 0 native plugins for Editor in 0.00 ms.
Initialize engine version: 2020.2.6f1 (8a2143876886)
[Subsystems] Discovering subsystems at path D:/Program/2020.2.6f1/Editor/Data/Resources/UnitySubsystems
[Subsystems] Discovering subsystems at path D:/SMC/20817AfterUnity/Assets
GfxDevice: creating device client; threaded=0
Direct3D:
    Version:  Direct3D 11.0 [level 11.1]
    Renderer: NVIDIA GeForce GTX 1060 6GB (ID=0x1c03)
    Vendor:   
    VRAM:     6052 MB
    Driver:   27.21.14.6089
Initialize mono
Mono path[0] = 'D:/Program/2020.2.6f1/Editor/Data/Managed'
Mono path[1] = 'D:/Program/2020.2.6f1/Editor/Data/MonoBleedingEdge/lib/mono/unityjit'
Mono config path = 'D:/Program/2020.2.6f1/Editor/Data/MonoBleedingEdge/etc'
Using monoOptions --debugger-agent=transport=dt_socket,embedding=1,server=y,suspend=n,address=127.0.0.1:56352
Begin MonoManager ReloadAssembly
Registering precompiled unity dll's ...
Register platform support module: D:/Program/2020.2.6f1/Editor/Data/PlaybackEngines/WebGLSupport/UnityEditor.WebGL.Extensions.dll
Register platform support module: D:/Program/2020.2.6f1/Editor/Data/PlaybackEngines/WindowsStandaloneSupport/UnityEditor.WindowsStandalone.Extensions.dll
Registered in 0.002303 seconds.
Native extension for WindowsStandalone target not found
Native extension for WebGL target not found
Refreshing native plugins compatible for Editor in 33.24 ms, found 0 plugins.
Preloading 0 native plugins for Editor in 0.00 ms.
Invoked RoslynAnalysisRunner static constructor.
RoslynAnalysisRunner will not be running.
RoslynAnalysisRunner has terminated.
Mono: successfully reloaded assembly
- Completed reload, in  1.862 seconds
Platform modules already initialized, skipping
Registering precompiled user dll's ...
Registered in 0.002178 seconds.
Begin MonoManager ReloadAssembly
Native extension for WindowsStandalone target not found
Native extension for WebGL target not found
Refreshing native plugins compatible for Editor in 0.40 ms, found 0 plugins.
Preloading 0 native plugins for Editor in 0.00 ms.
Invoked RoslynAnalysisRunner static constructor.
RoslynAnalysisRunner will not be running.
RoslynAnalysisRunner has terminated.
Mono: successfully reloaded assembly
- Completed reload, in  0.837 seconds
Platform modules already initialized, skipping
========================================================================
Worker process is ready to serve import requests
Launched and connected shader compiler UnityShaderCompiler.exe after 0.07 seconds
Refreshing native plugins compatible for Editor in 0.60 ms, found 0 plugins.
Preloading 0 native plugins for Editor in 0.00 ms.
Unloading 1406 Unused Serialized files (Serialized files now loaded: 0)
System memory in use before: 64.6 MB.
System memory in use after: 64.7 MB.

Unloading 33 unused Assets to reduce memory usage. Loaded Objects now: 1833.
Total: 2.871100 ms (FindLiveObjects: 0.230200 ms CreateObjectMapping: 0.056000 ms MarkObjects: 2.459400 ms  DeleteObjects: 0.123600 ms)

========================================================================
Received Import Request.
  path: Assets/src/Blue.png
  artifactKey: Guid(8d922732887085747954bacfc45a1d4b) Importer(815301076,1909f56bfc062723c751e8b465ee728b)
Start importing Assets/src/Blue.png using Guid(8d922732887085747954bacfc45a1d4b) Importer(815301076,1909f56bfc062723c751e8b465ee728b)  -> (artifact id: '1551bbe4f5f15cc9bd7ac245a620fad3') in 0.100161 seconds
  Import took 0.103024 seconds .

========================================================================
Received Import Request.
  Time since last request: 0.000267 seconds.
  path: Assets/src/Orange.png
  artifactKey: Guid(f8422489ad0d83b4382891d4ae43a394) Importer(815301076,1909f56bfc062723c751e8b465ee728b)
Start importing Assets/src/Orange.png using Guid(f8422489ad0d83b4382891d4ae43a394) Importer(815301076,1909f56bfc062723c751e8b465ee728b)  -> (artifact id: 'b2843907835bb0e4f3cba14163a84825') in 0.008376 seconds
  Import took 0.010244 seconds .

========================================================================
Received Import Request.
  Time since last request: 0.000224 seconds.
  path: Assets/src/green.png
  artifactKey: Guid(3928d8f04818f1b4e9c837f58ab0b82f) Importer(815301076,1909f56bfc062723c751e8b465ee728b)
Start importing Assets/src/green.png using Guid(3928d8f04818f1b4e9c837f58ab0b82f) Importer(815301076,1909f56bfc062723c751e8b465ee728b)  -> (artifact id: '12e7e8d2cd9442dfbac56f18c5d2de8f') in 0.007419 seconds
  Import took 0.009262 seconds .

========================================================================
Received Import Request.
  Time since last request: 0.000210 seconds.
  path: Assets/src/Beige.png
  artifactKey: Guid(25ab3344551903049a78193ad099ed6e) Importer(815301076,1909f56bfc062723c751e8b465ee728b)
Start importing Assets/src/Beige.png using Guid(25ab3344551903049a78193ad099ed6e) Importer(815301076,1909f56bfc062723c751e8b465ee728b)  -> (artifact id: 'a355e7afd3d7587be5d70114d11e5b4d') in 0.007323 seconds
  Import took 0.009222 seconds .

========================================================================
Received Import Request.
  Time since last request: 0.000246 seconds.
  path: Assets/src/Background.png
  artifactKey: Guid(d91061fa1de9bb945ab624795d21977a) Importer(815301076,1909f56bfc062723c751e8b465ee728b)
Start importing Assets/src/Background.png using Guid(d91061fa1de9bb945ab624795d21977a) Importer(815301076,1909f56bfc062723c751e8b465ee728b)  -> (artifact id: '95b7f8ba398dbbc1cf33f5ba4e17b476') in 0.031160 seconds
  Import took 0.033072 seconds .

========================================================================
Received Import Request.
  Time since last request: 0.000243 seconds.
  path: Assets/src/Pink.png
  artifactKey: Guid(8646ae876b6e9a14097209c851f17dd6) Importer(815301076,1909f56bfc062723c751e8b465ee728b)
Start importing Assets/src/Pink.png using Guid(8646ae876b6e9a14097209c851f17dd6) Importer(815301076,1909f56bfc062723c751e8b465ee728b)  -> (artifact id: '0f3175336325265911e0394d3e0a0e21') in 0.007517 seconds
  Import took 0.009510 seconds .

========================================================================
Received Import Request.
  Time since last request: 0.000240 seconds.
  path: Assets/src/Ground.png
  artifactKey: Guid(f51beae453f0a17458f648cb865b0884) Importer(815301076,1909f56bfc062723c751e8b465ee728b)
Start importing Assets/src/Ground.png using Guid(f51beae453f0a17458f648cb865b0884) Importer(815301076,1909f56bfc062723c751e8b465ee728b)  -> (artifact id: 'cb4ee7e9e3d339bfda0d19e2ff8523af') in 0.009198 seconds
  Import took 0.011341 seconds .

========================================================================
Received Prepare
Registering precompiled user dll's ...
Registered in 0.002106 seconds.
Begin MonoManager ReloadAssembly
Native extension for WindowsStandalone target not found
Native extension for WebGL target not found
Refreshing native plugins compatible for Editor in 0.55 ms, found 0 plugins.
Preloading 0 native plugins for Editor in 0.00 ms.
Invoked RoslynAnalysisRunner static constructor.
RoslynAnalysisRunner will not be running.
RoslynAnalysisRunner has terminated.
Mono: successfully reloaded assembly
- Completed reload, in  0.756 seconds
Platform modules already initialized, skipping
Switching build target platform(5) subTarget(0) extendedPlatform(0) -> platform(13) subTarget(589824) extendedPlatform(0)
Refreshing native plugins compatible for Editor in 0.63 ms, found 0 plugins.
Preloading 0 native plugins for Editor in 0.00 ms.
Unloading 1403 Unused Serialized files (Serialized files now loaded: 0)
System memory in use before: 67.6 MB.
System memory in use after: 67.7 MB.

Unloading 24 unused Assets to reduce memory usage. Loaded Objects now: 1845.
Total: 2.544900 ms (FindLiveObjects: 0.207400 ms CreateObjectMapping: 0.056300 ms MarkObjects: 2.252100 ms  DeleteObjects: 0.027500 ms)

AssetImportParameters requested are different than current active one (requested -> active):
  custom:graphics/normal-map-encoding: 01000000000000000000000000000000 -> 02000000000000000000000000000000
========================================================================
Received Prepare
Refreshing native plugins compatible for Editor in 6.89 ms, found 0 plugins.
Preloading 0 native plugins for Editor in 0.00 ms.
Unloading 22 Unused Serialized files (Serialized files now loaded: 0)
System memory in use before: 40.3 MB.
System memory in use after: 40.4 MB.

Unloading 22 unused Assets to reduce memory usage. Loaded Objects now: 1845.
Total: 1.615400 ms (FindLiveObjects: 0.150500 ms CreateObjectMapping: 0.032000 ms MarkObjects: 1.418300 ms  DeleteObjects: 0.013600 ms)

AssetImportWorkerClient::OnTransportError - code=2 error=End of file
